Failed to start or connect to the Nx Daemon process.

Messages from the log:
To fix this, set a unique name for each project in a project.json inside the project's root. If the project does not currently have a project.json, you can create one that contains only a name.
Error: The following projects are defined in multiple locations:
- south-purity-front: 
  - .
  - 

To fix this, set a unique name for each project in a project.json inside the project's root. If the project does not currently have a project.json, you can create one that contains only a name.
    at readProjectConfigurationsFromRootMap (d:\projects\juan\JFERN-south-purity-front\node_modules\nx\src\project-graph\utils\project-configuration-utils.js:218:15)
    at d:\projects\juan\JFERN-south-purity-front\node_modules\nx\src\project-graph\utils\project-configuration-utils.js:188:23
    at process.processTicksAndRejections (node:internal/process/task_queues:95:5)
    at async createProjectConfigurations (d:\projects\juan\JFERN-south-purity-front\node_modules\nx\src\project-graph\utils\retrieve-workspace-files.js:89:62)
    at async processFilesAndCreateAndSerializeProjectGraph (d:\projects\juan\JFERN-south-purity-front\node_modules\nx\src\daemon\server\project-graph-incremental-recomputation.js:140:28)
    at async getCachedSerializedProjectGraphPromise (d:\projects\juan\JFERN-south-purity-front\node_modules\nx\src\daemon\server\project-graph-incremental-recomputation.js:43:16)
    at async handleRequestProjectGraph (d:\projects\juan\JFERN-south-purity-front\node_modules\nx\src\daemon\server\handle-request-project-graph.js:12:24)
    at async handleResult (d:\projects\juan\JFERN-south-purity-front\node_modules\nx\src\daemon\server\server.js:110:16)
    at async handleMessage (d:\projects\juan\JFERN-south-purity-front\node_modules\nx\src\daemon\server\server.js:81:9)
    at async d:\projects\juan\JFERN-south-purity-front\node_modules\nx\src\daemon\server\server.js:45:9
[NX Daemon Server] - 2024-04-03T00:18:42.805Z - Time taken for 'hash changed files from watcher' 0.4909000024199486ms
[NX Daemon Server] - 2024-04-03T00:18:42.805Z - Done responding to the client null



More information: d:\projects\juan\JFERN-south-purity-front\.nx\cache\d\daemon.log